12.04.2026 17:37:38 [AUDIT] ADMIN_CRUD entity=bot_user action=create actor=admin entity_id=1 details={"id": "1", "redmine_id": "1972"}
13.04.2026 06:40:56 [AUDIT] ADMIN_CRUD entity=bot_user action=create actor=admin entity_id=2 details={"id": "2", "redmine_id": "1971"}
13.04.2026 06:52:20 [AUDIT] ADMIN_CRUD entity=bot_user action=update actor=admin entity_id=2 details={"id": "2", "redmine_id": "1971"}
13.04.2026 06:52:28 [AUDIT] ADMIN_CRUD entity=bot_user action=update actor=admin entity_id=2 details={"id": "2", "redmine_id": "1971"}
13.04.2026 06:52:52 [AUDIT] ADMIN_CRUD entity=bot_user action=update actor=admin entity_id=2 details={"id": "2", "redmine_id": "1971"}
13.04.2026 19:54:57 [AUDIT] ADMIN_CRUD entity=bot_user action=delete actor=admin entity_id=46 details={"id": "46", "redmine_id": "5508"}
13.04.2026 19:55:00 [AUDIT] ADMIN_CRUD entity=bot_user action=delete actor=admin entity_id=19 details={"id": "19", "redmine_id": "1749"}
14.04.2026 06:12:13 [AUDIT] ADMIN_CRUD entity=bot_user action=bulk_delete actor=admin details={"count": "58", "ids": "[omitted]"}
14.04.2026 09:50:45 [AUDIT] ADMIN_CRUD entity=bot_user action=update actor=admin entity_id=214 details={"id": "214", "redmine_id": "3658"}
14.04.2026 10:02:51 [AUDIT] ADMIN_CRUD entity=bot_user action=update actor=admin entity_id=214 details={"id": "214", "redmine_id": "3658"}
14.04.2026 13:14:54 [AUDIT] ADMIN_CRUD entity=bot_user action=update actor=admin entity_id=214 details={"id": "214", "redmine_id": "3658"}
14.04.2026 14:14:45 [AUDIT] ADMIN_CRUD entity=bot_user action=update actor=admin entity_id=214 details={"id": "214", "redmine_id": "3658"}
14.04.2026 14:24:45 [AUDIT] ADMIN_CRUD entity=bot_user action=update actor=admin entity_id=214 details={"id": "214", "redmine_id": "3658"}
15.04.2026 07:44:56 [AUDIT] ADMIN_CRUD entity=bot_user action=bulk_delete actor=admin details={"count": "58", "ids": "[omitted]"}
15.04.2026 08:37:31 [AUDIT] ADMIN_CRUD entity=group action=create actor=admin entity_id=4 details={"id": "4", "name": "ntc"}
15.04.2026 08:37:37 [AUDIT] ADMIN_CRUD entity=group action=delete actor=admin entity_id=4 details={"id": "4", "name": "ntc"}
15.04.2026 08:40:57 [AUDIT] ADMIN_CRUD entity=group action=create actor=admin entity_id=5 details={"id": "5", "name": "ТП_РЕД_ВИРТ"}
15.04.2026 08:45:53 [AUDIT] ADMIN_CRUD entity=bot_user action=update actor=admin entity_id=78 details={"id": "78", "redmine_id": "1972"}
15.04.2026 08:46:52 [AUDIT] ADMIN_CRUD entity=bot_user action=update actor=admin entity_id=76 details={"id": "76", "redmine_id": "1876"}
15.04.2026 08:47:10 [AUDIT] ADMIN_CRUD entity=bot_user action=update actor=admin entity_id=105 details={"id": "105", "redmine_id": "5969"}
15.04.2026 08:48:22 [AUDIT] ADMIN_CRUD entity=bot_user action=update actor=admin entity_id=89 details={"id": "89", "redmine_id": "3190"}
15.04.2026 08:48:45 [AUDIT] ADMIN_CRUD entity=bot_user action=update actor=admin entity_id=105 details={"id": "105", "redmine_id": "5969"}
15.04.2026 08:49:32 [AUDIT] ADMIN_CRUD entity=bot_user action=update actor=admin entity_id=90 details={"id": "90", "redmine_id": "3254"}
15.04.2026 08:50:00 [AUDIT] ADMIN_CRUD entity=bot_user action=update actor=admin entity_id=104 details={"id": "104", "redmine_id": "5812"}
15.04.2026 08:50:37 [AUDIT] ADMIN_CRUD entity=bot_user action=update actor=admin entity_id=97 details={"id": "97", "redmine_id": "4224"}
15.04.2026 08:51:03 [AUDIT] ADMIN_CRUD entity=bot_user action=update actor=admin entity_id=67 details={"id": "67", "redmine_id": "910"}
15.04.2026 08:51:25 [AUDIT] ADMIN_CRUD entity=bot_user action=update actor=admin entity_id=62 details={"id": "62", "redmine_id": "617"}
15.04.2026 08:52:05 [AUDIT] ADMIN_CRUD entity=bot_user action=update actor=admin entity_id=85 details={"id": "85", "redmine_id": "2750"}
17.04.2026 12:11:50 [AUDIT] ADMIN_CRUD entity=group action=update actor=admin entity_id=5 details={"id": "5", "name": "ТП_РЕД_ВИРТ"}
17.04.2026 12:12:25 [AUDIT] ADMIN_CRUD entity=group action=update actor=admin entity_id=5 details={"id": "5", "name": "ТП_РЕД_ВИРТ"}
17.04.2026 12:31:50 [AUDIT] ADMIN_CRUD entity=group action=update actor=admin entity_id=5 details={"id": "5", "name": "ТП_РЕД_ВИРТ"}
17.04.2026 12:33:00 [AUDIT] ADMIN_CRUD entity=bot_user action=update actor=admin entity_id=76 details={"id": "76", "redmine_id": "1876"}
17.04.2026 12:33:06 [AUDIT] ADMIN_CRUD entity=bot_user action=update actor=admin entity_id=76 details={"id": "76", "redmine_id": "1876"}
17.04.2026 12:45:40 [AUDIT] ADMIN_CRUD entity=group action=update actor=admin entity_id=5 details={"id": "5", "name": "ТП_РЕД_ВИРТ"}
17.04.2026 12:52:48 [AUDIT] ADMIN_CRUD entity=group action=update actor=admin entity_id=5 details={"id": "5", "name": "ТП_РЕД_ВИРТ"}
17.04.2026 12:52:48 [AUDIT] ADMIN_CRUD entity=group action=update actor=admin entity_id=5 details={"id": "5", "name": "ТП_РЕД_ВИРТ"}
17.04.2026 13:31:03 [AUDIT] ADMIN_CRUD entity=bot_user action=bulk_delete actor=admin details={"count": "58", "ids": "[omitted]"}
18.04.2026 17:45:49 [AUDIT] ADMIN_CRUD entity=bot_user action=bulk_delete actor=admin details={"count": "58", "ids": "[omitted]"}
18.04.2026 17:45:59 [AUDIT] ADMIN_CRUD entity=group action=delete actor=admin entity_id=5 details={"id": "5", "name": "ТП_РЕД_ВИРТ"}
18.04.2026 17:57:34 [AUDIT] ADMIN_CRUD entity=group action=create actor=admin entity_id=6 details={"id": "6", "name": "тест"}
18.04.2026 18:06:20 [AUDIT] ADMIN_CRUD entity=group action=update actor=admin entity_id=6 details={"id": "6", "name": "тест"}
18.04.2026 18:06:28 [AUDIT] ADMIN_CRUD entity=group action=update actor=admin entity_id=6 details={"id": "6", "name": "тест"}
18.04.2026 18:34:07 [AUDIT] ADMIN_CRUD entity=group action=update actor=admin entity_id=6 details={"id": "6", "name": "тест"}
18.04.2026 18:34:44 [AUDIT] ADMIN_CRUD entity=group action=update actor=admin entity_id=6 details={"id": "6", "name": "тест"}
18.04.2026 18:34:51 [AUDIT] ADMIN_CRUD entity=group action=update actor=admin entity_id=6 details={"id": "6", "name": "тест"}
18.04.2026 18:36:36 [AUDIT] ADMIN_CRUD entity=bot_user action=create actor=admin entity_id=175 details={"id": "175", "redmine_id": "1972"}
18.04.2026 18:36:42 [AUDIT] ADMIN_CRUD entity=bot_user action=update actor=admin entity_id=175 details={"id": "175", "redmine_id": "1972"}
18.04.2026 21:01:24 [AUDIT] ADMIN_CRUD entity=group action=update actor=admin entity_id=6 details={"id": "6", "name": "тест"}
18.04.2026 21:04:12 [AUDIT] ADMIN_CRUD entity=group action=update actor=admin entity_id=6 details={"id": "6", "name": "тест"}
18.04.2026 21:11:23 [AUDIT] ADMIN_CRUD entity=bot_user action=update actor=admin entity_id=175 details={"id": "175", "redmine_id": "1972"}
19.04.2026 07:44:25 [AUDIT] ADMIN_CRUD entity=bot_user action=bulk_delete actor=admin details={"count": "1", "ids": "[omitted]"}
19.04.2026 08:47:34 [AUDIT] ADMIN_CRUD entity=group action=update actor=admin entity_id=6 details={"id": "6", "name": "тест"}
19.04.2026 08:48:05 [AUDIT] ADMIN_CRUD entity=bot_user action=update actor=admin entity_id=176 details={"id": "176", "redmine_id": "1972"}
